<?xml version="1.0" encoding="UTF-8"?>
<testsuite xmlns:xsi="http://www.w3.org/2001/XMLSchema-instance" xsi:noNamespaceSchemaLocation="https://maven.apache.org/surefire/maven-surefire-plugin/xsd/surefire-test-report-3.0.xsd" version="3.0" name="packagetest1.Test1" time="0.009" tests="1" errors="0" skipped="0" failures="0">
  <properties>
[...]
</properties>
  <testcase name="packagetest1.Test1.testMain()" classname="packagetest1.Test1" time="0.004">
    <system-out><![CDATA[Hello, World!
This is a new change!
This is another change!
This is a third change!
]]></system-out>
  </testcase>
</testsuite>